<?xml version="1.0" encoding="UTF-8"?>
<testng-results skipped="0" failed="1" ignored="0" total="3" passed="2">
  <reporter-output>
  </reporter-output>
  <suite name="Suite" duration-ms="20461" started-at="2020-07-04T09:52:01Z" finished-at="2020-07-04T09:52:22Z">
    <groups>
    </groups>
    <test name="AddToCart" duration-ms="11618" started-at="2020-07-04T09:52:01Z" finished-at="2020-07-04T09:52:13Z">
      <class name="TestCases.addToCart">
        <test-method status="PASS" signature="addToCart()[pri:0, instance:TestCases.addToCart@eafc191]" name="addToCart" duration-ms="11527" started-at="2020-07-04T09:52:01Z" finished-at="2020-07-04T09:52:13Z">
          <reporter-output>
          </reporter-output>
        </test-method> <!-- addToCart -->
      </class> <!-- TestCases.addToCart -->
    </test> <!-- AddToCart -->
    <test name="lowToHigh" duration-ms="3762" started-at="2020-07-04T09:52:16Z" finished-at="2020-07-04T09:52:20Z">
      <class name="TestCases.lowToHigh">
        <test-method status="PASS" signature="lowToHigh()[pri:0, instance:TestCases.lowToHigh@32eebfca]" name="lowToHigh" duration-ms="3760" started-at="2020-07-04T09:52:16Z" finished-at="2020-07-04T09:52:20Z">
          <reporter-output>
          </reporter-output>
        </test-method> <!-- lowToHigh -->
      </class> <!-- TestCases.lowToHigh -->
    </test> <!-- lowToHigh -->
    <test name="slider" duration-ms="1617" started-at="2020-07-04T09:52:20Z" finished-at="2020-07-04T09:52:22Z">
      <class name="TestCases.slider">
        <test-method status="PASS" signature="setUp()[pri:0, instance:TestCases.slider@43738a82]" name="setUp" is-config="true" duration-ms="52681" started-at="2020-07-04T09:51:09Z" finished-at="2020-07-04T09:52:01Z">
          <reporter-output>
          </reporter-output>
        </test-method> <!-- setUp -->
        <test-method status="FAIL" signature="sliderPrice()[pri:0, instance:TestCases.slider@43738a82]" name="sliderPrice" duration-ms="1457" started-at="2020-07-04T09:52:20Z" finished-at="2020-07-04T09:52:22Z">
          <exception class="org.openqa.selenium.StaleElementReferenceException">
            <message>
              <![CDATA[stale element reference: element is not attached to the page document
  (Session info: chrome=83.0.4103.116)
For documentation on this error, please visit: http://seleniumhq.org/exceptions/stale_element_reference.html
Build info: version: '3.14.0', revision: 'aacccce0', time: '2018-08-02T20:19:58.91Z'
System info: host: 'DELL', ip: '192.168.1.106', os.name: 'Windows 10', os.arch: 'amd64', os.version: '10.0', java.version: '1.8.0_91'
Driver info: org.openqa.selenium.chrome.ChromeDriver
Capabilities {acceptInsecureCerts: false, browserName: chrome, browserVersion: 83.0.4103.116, chrome: {chromedriverVersion: 83.0.4103.39 (ccbf011cb2d2b..., userDataDir: C:\Users\Aparna\AppData\Loc...}, goog:chromeOptions: {debuggerAddress: localhost:63287}, javascriptEnabled: true, networkConnectionEnabled: false, pageLoadStrategy: normal, platform: WINDOWS, platformName: WINDOWS, proxy: Proxy(), setWindowRect: true, strictFileInteractability: false, timeouts: {implicit: 0, pageLoad: 300000, script: 30000}, unhandledPromptBehavior: dismiss and notify, webauthn:virtualAuthenticators: true}
Session ID: c93fed2b3a22cb1349c4269603643e42
*** Element info: {Using=tag name, value=option}]]>
            </message>
            <full-stacktrace>
              <![CDATA[org.openqa.selenium.StaleElementReferenceException: stale element reference: element is not attached to the page document
  (Session info: chrome=83.0.4103.116)
For documentation on this error, please visit: http://seleniumhq.org/exceptions/stale_element_reference.html
Build info: version: '3.14.0', revision: 'aacccce0', time: '2018-08-02T20:19:58.91Z'
System info: host: 'DELL', ip: '192.168.1.106', os.name: 'Windows 10', os.arch: 'amd64', os.version: '10.0', java.version: '1.8.0_91'
Driver info: org.openqa.selenium.chrome.ChromeDriver
Capabilities {acceptInsecureCerts: false, browserName: chrome, browserVersion: 83.0.4103.116, chrome: {chromedriverVersion: 83.0.4103.39 (ccbf011cb2d2b..., userDataDir: C:\Users\Aparna\AppData\Loc...}, goog:chromeOptions: {debuggerAddress: localhost:63287}, javascriptEnabled: true, networkConnectionEnabled: false, pageLoadStrategy: normal, platform: WINDOWS, platformName: WINDOWS, proxy: Proxy(), setWindowRect: true, strictFileInteractability: false, timeouts: {implicit: 0, pageLoad: 300000, script: 30000}, unhandledPromptBehavior: dismiss and notify, webauthn:virtualAuthenticators: true}
Session ID: c93fed2b3a22cb1349c4269603643e42
*** Element info: {Using=tag name, value=option}
at sun.reflect.NativeConstructorAccessorImpl.newInstance0(Native Method)
at sun.reflect.NativeConstructorAccessorImpl.newInstance(NativeConstructorAccessorImpl.java:62)
at sun.reflect.DelegatingConstructorAccessorImpl.newInstance(DelegatingConstructorAccessorImpl.java:45)
at java.lang.reflect.Constructor.newInstance(Constructor.java:423)
at org.openqa.selenium.remote.http.W3CHttpResponseCodec.createException(W3CHttpResponseCodec.java:187)
at org.openqa.selenium.remote.http.W3CHttpResponseCodec.decode(W3CHttpResponseCodec.java:122)
at org.openqa.selenium.remote.http.W3CHttpResponseCodec.decode(W3CHttpResponseCodec.java:49)
at org.openqa.selenium.remote.HttpCommandExecutor.execute(HttpCommandExecutor.java:158)
at org.openqa.selenium.remote.service.DriverCommandExecutor.execute(DriverCommandExecutor.java:83)
at org.openqa.selenium.remote.RemoteWebDriver.execute(RemoteWebDriver.java:548)
at org.openqa.selenium.remote.RemoteWebElement.execute(RemoteWebElement.java:276)
at org.openqa.selenium.remote.RemoteWebElement.findElements(RemoteWebElement.java:195)
at org.openqa.selenium.remote.RemoteWebElement.findElementsByTagName(RemoteWebElement.java:272)
at org.openqa.selenium.By$ByTagName.findElements(By.java:312)
at org.openqa.selenium.remote.RemoteWebElement.findElements(RemoteWebElement.java:171)
at org.openqa.selenium.support.ui.Select.getOptions(Select.java:70)
at org.openqa.selenium.support.ui.Select.getFirstSelectedOption(Select.java:94)
at TestCases.slider.sliderPrice(slider.java:38)
at sun.reflect.NativeMethodAccessorImpl.invoke0(Native Method)
at sun.reflect.NativeMethodAccessorImpl.invoke(NativeMethodAccessorImpl.java:62)
at sun.reflect.DelegatingMethodAccessorImpl.invoke(DelegatingMethodAccessorImpl.java:43)
at java.lang.reflect.Method.invoke(Method.java:498)
at org.testng.internal.MethodInvocationHelper.invokeMethod(MethodInvocationHelper.java:124)
at org.testng.internal.Invoker.invokeMethod(Invoker.java:583)
at org.testng.internal.Invoker.invokeTestMethod(Invoker.java:719)
at org.testng.internal.Invoker.invokeTestMethods(Invoker.java:989)
at org.testng.internal.TestMethodWorker.invokeTestMethods(TestMethodWorker.java:125)
at org.testng.internal.TestMethodWorker.run(TestMethodWorker.java:109)
at org.testng.TestRunner.privateRun(TestRunner.java:648)
at org.testng.TestRunner.run(TestRunner.java:505)
at org.testng.SuiteRunner.runTest(SuiteRunner.java:455)
at org.testng.SuiteRunner.runSequentially(SuiteRunner.java:450)
at org.testng.SuiteRunner.privateRun(SuiteRunner.java:415)
at org.testng.SuiteRunner.run(SuiteRunner.java:364)
at org.testng.SuiteRunnerWorker.runSuite(SuiteRunnerWorker.java:52)
at org.testng.SuiteRunnerWorker.run(SuiteRunnerWorker.java:84)
at org.testng.TestNG.runSuitesSequentially(TestNG.java:1208)
at org.testng.TestNG.runSuitesLocally(TestNG.java:1137)
at org.testng.TestNG.runSuites(TestNG.java:1049)
at org.testng.TestNG.run(TestNG.java:1017)
at org.apache.maven.surefire.testng.TestNGExecutor.run(TestNGExecutor.java:295)
at org.apache.maven.surefire.testng.TestNGXmlTestSuite.execute(TestNGXmlTestSuite.java:84)
at org.apache.maven.surefire.testng.TestNGProvider.invoke(TestNGProvider.java:90)
at org.apache.maven.surefire.booter.ForkedBooter.invokeProviderInSameClassLoader(ForkedBooter.java:203)
at org.apache.maven.surefire.booter.ForkedBooter.runSuitesInProcess(ForkedBooter.java:155)
at org.apache.maven.surefire.booter.ForkedBooter.main(ForkedBooter.java:103)
]]>
            </full-stacktrace>
          </exception> <!-- org.openqa.selenium.StaleElementReferenceException -->
          <reporter-output>
          </reporter-output>
        </test-method> <!-- sliderPrice -->
        <test-method status="PASS" signature="tearDown()[pri:0, instance:TestCases.slider@43738a82]" name="tearDown" is-config="true" duration-ms="1436" started-at="2020-07-04T09:52:22Z" finished-at="2020-07-04T09:52:23Z">
          <reporter-output>
          </reporter-output>
        </test-method> <!-- tearDown -->
      </class> <!-- TestCases.slider -->
    </test> <!-- slider -->
  </suite> <!-- Suite -->
</testng-results>
